mode: set
stash.bq.com/pdtdev/go-errors.git/errors/handler.go:28.75,30.17 1 1
stash.bq.com/pdtdev/go-errors.git/errors/handler.go:43.2,43.29 1 1
stash.bq.com/pdtdev/go-errors.git/errors/handler.go:30.17,41.3 4 1
stash.bq.com/pdtdev/go-errors.git/errors/handler.go:46.84,50.27 3 1
stash.bq.com/pdtdev/go-errors.git/errors/handler.go:68.2,73.12 5 1
stash.bq.com/pdtdev/go-errors.git/errors/handler.go:74.2,74.17 1 1
stash.bq.com/pdtdev/go-errors.git/errors/handler.go:50.27,52.3 1 1
stash.bq.com/pdtdev/go-errors.git/errors/handler.go:52.3,54.20 2 1
stash.bq.com/pdtdev/go-errors.git/errors/handler.go:54.20,56.4 1 0
stash.bq.com/pdtdev/go-errors.git/errors/handler.go:56.4,58.40 2 1
stash.bq.com/pdtdev/go-errors.git/errors/handler.go:58.40,61.5 2 1
stash.bq.com/pdtdev/go-errors.git/errors/handler.go:61.5,64.5 2 1
stash.bq.com/pdtdev/go-errors.git/errors/handler.go:73.12,73.52 1 1
stash.bq.com/pdtdev/go-errors.git/errors/handler.go:77.92,79.30 2 1
stash.bq.com/pdtdev/go-errors.git/errors/handler.go:83.2,83.12 1 1
stash.bq.com/pdtdev/go-errors.git/errors/handler.go:79.30,81.3 1 1
stash.bq.com/pdtdev/go-errors.git/errors/errors.go:30.92,32.2 1 0
stash.bq.com/pdtdev/go-errors.git/errors/errors.go:34.68,36.2 1 1
stash.bq.com/pdtdev/go-errors.git/errors/errors.go:43.51,45.2 1 0
stash.bq.com/pdtdev/go-errors.git/errors/errors.go:47.54,49.2 1 1
stash.bq.com/pdtdev/go-errors.git/errors/errors.go:58.68,60.2 1 0
stash.bq.com/pdtdev/go-errors.git/errors/errors.go:62.44,64.2 1 1
stash.bq.com/pdtdev/go-errors.git/errors/errors.go:73.90,75.2 1 0
stash.bq.com/pdtdev/go-errors.git/errors/errors.go:77.66,79.2 1 1
stash.bq.com/pdtdev/go-errors.git/errors/errors.go:88.88,90.2 1 0
stash.bq.com/pdtdev/go-errors.git/errors/errors.go:92.64,94.2 1 1
stash.bq.com/pdtdev/go-errors.git/errors/errors.go:104.80,106.2 1 0
stash.bq.com/pdtdev/go-errors.git/errors/errors.go:108.56,110.2 1 1
stash.bq.com/pdtdev/go-errors.git/errors/errors.go:120.78,122.2 1 0
stash.bq.com/pdtdev/go-errors.git/errors/errors.go:124.54,126.2 1 1
stash.bq.com/pdtdev/go-errors.git/errors/errors.go:135.68,137.2 1 0
stash.bq.com/pdtdev/go-errors.git/errors/errors.go:139.44,141.2 1 1
stash.bq.com/pdtdev/go-errors.git/errors/errors.go:149.73,151.2 1 0
stash.bq.com/pdtdev/go-errors.git/errors/errors.go:153.58,155.2 1 1
stash.bq.com/pdtdev/go-errors.git/errors/errors.go:163.71,165.2 1 0
stash.bq.com/pdtdev/go-errors.git/errors/errors.go:167.56,169.2 1 1
stash.bq.com/pdtdev/go-errors.git/errors/errors.go:177.91,179.2 1 0
stash.bq.com/pdtdev/go-errors.git/errors/errors.go:181.75,183.2 1 1
